Flow report for RVPL_FPGA
Fri Jun 26 15:19:56 2026
Quartus II Version 9.0 Build 132 02/25/2009 SJ Full Version


---------------------
; Table of Contents ;
---------------------
  1. Legal Notice
  2. Flow Summary
  3. Flow Settings
  4. Flow Non-Default Global Settings
  5. Flow Elapsed Time
  6. Flow OS Summary
  7. Flow Log



----------------
; Legal Notice ;
----------------
Copyright (C) 1991-2009 Altera Corporation
Your use of Altera Corporation's design tools, logic functions 
and other software and tools, and its AMPP partner logic 
functions, and any output files from any of the foregoing 
(including device programming or simulation files), and any 
associated documentation or information are expressly subject 
to the terms and conditions of the Altera Program License 
Subscription Agreement, Altera MegaCore Function License 
Agreement, or other applicable license agreement, including, 
without limitation, that your use is for the sole purpose of 
programming logic devices manufactured by Altera and sold by 
Altera or its authorized distributors.  Please refer to the 
applicable agreement for further details.



+-------------------------------------------------------------------------------+
; Flow Summary                                                                  ;
+------------------------------------+------------------------------------------+
; Flow Status                        ; Successful - Fri Jun 26 15:19:56 2026    ;
; Quartus II Version                 ; 9.0 Build 132 02/25/2009 SJ Full Version ;
; Revision Name                      ; RVPL_FPGA                                ;
; Top-level Entity Name              ; Pipelined_RISCV                          ;
; Family                             ; Cyclone II                               ;
; Device                             ; EP2C35F672C6                             ;
; Timing Models                      ; Final                                    ;
; Met timing requirements            ; N/A                                      ;
; Total logic elements               ; 1,041                                    ;
;     Total combinational functions  ; 887                                      ;
;     Dedicated logic registers      ; 482                                      ;
; Total registers                    ; 482                                      ;
; Total pins                         ; 296                                      ;
; Total virtual pins                 ; 0                                        ;
; Total memory bits                  ; 3,072                                    ;
; Embedded Multiplier 9-bit elements ; 0                                        ;
; Total PLLs                         ; 0                                        ;
+------------------------------------+------------------------------------------+


+-----------------------------------------+
; Flow Settings                           ;
+-------------------+---------------------+
; Option            ; Setting             ;
+-------------------+---------------------+
; Start date & time ; 06/26/2026 15:19:50 ;
; Main task         ; Compilation         ;
; Revision Name     ; RVPL_FPGA           ;
+-------------------+---------------------+


+---------------------------------------------------------------------------------------------------------------------+
; Flow Non-Default Global Settings                                                                                    ;
+------------------------------------+-----------------------------+---------------+-----------------+----------------+
; Assignment Name                    ; Value                       ; Default Value ; Entity Name     ; Section Id     ;
+------------------------------------+-----------------------------+---------------+-----------------+----------------+
; COMPILER_SIGNATURE_ID              ; 52228710827.178246199005352 ; --            ; --              ; --             ;
; EDA_OUTPUT_DATA_FORMAT             ; Verilog Hdl                 ; --            ; --              ; eda_simulation ;
; EDA_SIMULATION_TOOL                ; ModelSim-Altera (Verilog)   ; <None>        ; --              ; --             ;
; EDA_TIME_SCALE                     ; 1 ps                        ; --            ; --              ; eda_simulation ;
; MAX_CORE_JUNCTION_TEMP             ; 85                          ; --            ; --              ; --             ;
; MIN_CORE_JUNCTION_TEMP             ; 0                           ; --            ; --              ; --             ;
; PARTITION_COLOR                    ; 16764057                    ; --            ; Pipelined_RISCV ; Top            ;
; PARTITION_NETLIST_TYPE             ; SOURCE                      ; --            ; Pipelined_RISCV ; Top            ;
; TOP_LEVEL_ENTITY                   ; Pipelined_RISCV             ; RVPL_FPGA     ; --              ; --             ;
; USE_GENERATED_PHYSICAL_CONSTRAINTS ; Off                         ; --            ; --              ; eda_blast_fpga ;
+------------------------------------+-----------------------------+---------------+-----------------+----------------+


+--------------------------------------------------------------------------------------------------------------------------+
; Flow Elapsed Time                                                                                                        ;
+----------------------+--------------+-------------------------+---------------------+------------------------------------+
; Module Name          ; Elapsed Time ; Average Processors Used ; Peak Virtual Memory ; Total CPU Time (on all processors) ;
+----------------------+--------------+-------------------------+---------------------+------------------------------------+
; Analysis & Synthesis ; 00:00:06     ; 1.0                     ; 419 MB              ; 00:00:06                           ;
; Total                ; 00:00:06     ; --                      ; --                  ; 00:00:06                           ;
+----------------------+--------------+-------------------------+---------------------+------------------------------------+


+---------------------------------------------------------------------------------------+
; Flow OS Summary                                                                       ;
+----------------------+------------------+---------------+------------+----------------+
; Module Name          ; Machine Hostname ; OS Name       ; OS Version ; Processor type ;
+----------------------+------------------+---------------+------------+----------------+
; Analysis & Synthesis ; AlexisNguyenW    ; Windows Vista ; 6.2        ; x86_64         ;
+----------------------+------------------+---------------+------------+----------------+


------------
; Flow Log ;
------------
quartus_map --read_settings_files=on --write_settings_files=off RVPL_FPGA -c RVPL_FPGA



